ARM GAS  C:\Users\emili\AppData\Local\Temp\ccjLZZgI.s 			page 1


   1              		.syntax unified
   2              		.cpu cortex-m3
   3              		.fpu softvfp
   4              		.eabi_attribute 20, 1
   5              		.eabi_attribute 21, 1
   6              		.eabi_attribute 23, 3
   7              		.eabi_attribute 24, 1
   8              		.eabi_attribute 25, 1
   9              		.eabi_attribute 26, 1
  10              		.eabi_attribute 30, 1
  11              		.eabi_attribute 34, 1
  12              		.eabi_attribute 18, 4
  13              		.thumb
  14              		.syntax unified
  15              		.file	"main.c"
  16              		.text
  17              	.Ltext0:
  18              		.cfi_sections	.debug_frame
  19              		.section	.text.IRQ_UART,"ax",%progbits
  20              		.align	2
  21              		.global	IRQ_UART
  22              		.thumb
  23              		.thumb_func
  24              		.type	IRQ_UART, %function
  25              	IRQ_UART:
  26              	.LFB65:
  27              		.file 1 "main.c"
   1:main.c        **** /* ========================================
   2:main.c        ****  *
   3:main.c        ****  * Copyright YOUR COMPANY, THE YEAR
   4:main.c        ****  * All Rights Reserved
   5:main.c        ****  * UNPUBLISHED, LICENSED SOFTWARE.
   6:main.c        ****  *
   7:main.c        ****  * CONFIDENTIAL AND PROPRIETARY INFORMATION
   8:main.c        ****  * WHICH IS THE PROPERTY OF your company.
   9:main.c        ****  *
  10:main.c        ****  * ========================================
  11:main.c        ****  */
  12:main.c        **** #include "project.h"
  13:main.c        **** #include <stdio.h> // Para el uso de la función sprintf()
  14:main.c        **** #define CR 0x0D
  15:main.c        **** #define CL 0x0A
  16:main.c        **** #define Newline()     \
  17:main.c        ****     UART_PutChar(CR); \
  18:main.c        ****     UART_PutChar(CL);
  19:main.c        **** char uart_in;
  20:main.c        **** char cadena_uart[100];
  21:main.c        **** char MODO;
  22:main.c        **** char enable_led = '0';
  23:main.c        **** 
  24:main.c        **** CY_ISR(ISR_Timer1)
  25:main.c        **** { // timer de 2 segundos para apagar/prender la coneccion dependiendo del PP
  26:main.c        ****     Timer1_ReadStatusRegister();
  27:main.c        ****     if (enable_led == '1')
  28:main.c        ****     { // SI ESTA EN MODO ALARMA, EL LED SE PRENDE(1s).
  29:main.c        **** 
  30:main.c        ****         if (LED_Read() == 1)
ARM GAS  C:\Users\emili\AppData\Local\Temp\ccjLZZgI.s 			page 2


  31:main.c        ****         { // SI ES QUE ESTA PRENDIDO SE APAGA
  32:main.c        **** 
  33:main.c        ****             LED_Write(0);
  34:main.c        ****         }
  35:main.c        ****         else
  36:main.c        ****         {
  37:main.c        ****             LED_Write(1);
  38:main.c        ****         }
  39:main.c        ****     }
  40:main.c        **** }
  41:main.c        **** CY_ISR(IRQ_UART)
  42:main.c        **** { // Validado, funciona y lee valores del 1 a 6.
  28              		.loc 1 42 0
  29              		.cfi_startproc
  30              		@ args = 0, pretend = 0, frame = 0
  31              		@ frame_needed = 0, uses_anonymous_args = 0
  32 0000 08B5     		push	{r3, lr}
  33              		.cfi_def_cfa_offset 8
  34              		.cfi_offset 3, -8
  35              		.cfi_offset 14, -4
  43:main.c        ****     uart_in = UART_ReadRxData();
  36              		.loc 1 43 0
  37 0002 FFF7FEFF 		bl	UART_ReadRxData
  38              	.LVL0:
  39 0006 104B     		ldr	r3, .L10
  40 0008 1870     		strb	r0, [r3]
  44:main.c        ****     if (!((uart_in >= '1') && (uart_in <= '4')))
  41              		.loc 1 44 0
  42 000a A0F13103 		sub	r3, r0, #49
  43 000e DBB2     		uxtb	r3, r3
  44 0010 032B     		cmp	r3, #3
  45 0012 02D9     		bls	.L2
  45:main.c        ****     {
  46:main.c        ****         MODO = 0; // se ponen las condiciones de los unicos valores de entrada que se aceptan, de o
  46              		.loc 1 46 0
  47 0014 0022     		movs	r2, #0
  48 0016 0D4B     		ldr	r3, .L10+4
  49 0018 1A70     		strb	r2, [r3]
  50              	.L2:
  47:main.c        ****     }
  48:main.c        ****     switch (uart_in)
  51              		.loc 1 48 0
  52 001a 3138     		subs	r0, r0, #49
  53 001c 0328     		cmp	r0, #3
  54 001e 12D8     		bhi	.L1
  55 0020 DFE800F0 		tbb	[pc, r0]
  56              	.L5:
  57 0024 02       		.byte	(.L4-.L5)/2
  58 0025 06       		.byte	(.L6-.L5)/2
  59 0026 0A       		.byte	(.L7-.L5)/2
  60 0027 0E       		.byte	(.L8-.L5)/2
  61              		.p2align 1
  62              	.L4:
  49:main.c        ****     {
  50:main.c        ****     case '1':
  51:main.c        ****     {
  52:main.c        ****         MODO = '1';
ARM GAS  C:\Users\emili\AppData\Local\Temp\ccjLZZgI.s 			page 3


  63              		.loc 1 52 0
  64 0028 3122     		movs	r2, #49
  65 002a 084B     		ldr	r3, .L10+4
  66 002c 1A70     		strb	r2, [r3]
  53:main.c        ****         break;
  67              		.loc 1 53 0
  68 002e 08BD     		pop	{r3, pc}
  69              	.L6:
  54:main.c        ****     }
  55:main.c        ****     case '2':
  56:main.c        ****     {
  57:main.c        ****         MODO = '2';
  70              		.loc 1 57 0
  71 0030 3222     		movs	r2, #50
  72 0032 064B     		ldr	r3, .L10+4
  73 0034 1A70     		strb	r2, [r3]
  58:main.c        ****         break;
  74              		.loc 1 58 0
  75 0036 08BD     		pop	{r3, pc}
  76              	.L7:
  59:main.c        ****     }
  60:main.c        ****     case '3':
  61:main.c        ****     {
  62:main.c        ****         MODO = '3';
  77              		.loc 1 62 0
  78 0038 3322     		movs	r2, #51
  79 003a 044B     		ldr	r3, .L10+4
  80 003c 1A70     		strb	r2, [r3]
  63:main.c        ****         break;
  81              		.loc 1 63 0
  82 003e 08BD     		pop	{r3, pc}
  83              	.L8:
  64:main.c        ****     }
  65:main.c        ****     case '4':
  66:main.c        ****     {
  67:main.c        **** 
  68:main.c        ****         MODO = '4';
  84              		.loc 1 68 0
  85 0040 3422     		movs	r2, #52
  86 0042 024B     		ldr	r3, .L10+4
  87 0044 1A70     		strb	r2, [r3]
  88              	.L1:
  89 0046 08BD     		pop	{r3, pc}
  90              	.L11:
  91              		.align	2
  92              	.L10:
  93 0048 00000000 		.word	uart_in
  94 004c 00000000 		.word	MODO
  95              		.cfi_endproc
  96              	.LFE65:
  97              		.size	IRQ_UART, .-IRQ_UART
  98              		.section	.text.ISR_Timer1,"ax",%progbits
  99              		.align	2
 100              		.global	ISR_Timer1
 101              		.thumb
 102              		.thumb_func
 103              		.type	ISR_Timer1, %function
ARM GAS  C:\Users\emili\AppData\Local\Temp\ccjLZZgI.s 			page 4


 104              	ISR_Timer1:
 105              	.LFB64:
  25:main.c        ****     Timer1_ReadStatusRegister();
 106              		.loc 1 25 0
 107              		.cfi_startproc
 108              		@ args = 0, pretend = 0, frame = 0
 109              		@ frame_needed = 0, uses_anonymous_args = 0
 110 0000 08B5     		push	{r3, lr}
 111              		.cfi_def_cfa_offset 8
 112              		.cfi_offset 3, -8
 113              		.cfi_offset 14, -4
  26:main.c        ****     if (enable_led == '1')
 114              		.loc 1 26 0
 115 0002 FFF7FEFF 		bl	Timer1_ReadStatusRegister
 116              	.LVL1:
  27:main.c        ****     { // SI ESTA EN MODO ALARMA, EL LED SE PRENDE(1s).
 117              		.loc 1 27 0
 118 0006 084B     		ldr	r3, .L16
 119 0008 1B78     		ldrb	r3, [r3]	@ zero_extendqisi2
 120 000a 312B     		cmp	r3, #49
 121 000c 0AD1     		bne	.L12
  30:main.c        ****         { // SI ES QUE ESTA PRENDIDO SE APAGA
 122              		.loc 1 30 0
 123 000e FFF7FEFF 		bl	LED_Read
 124              	.LVL2:
 125 0012 0128     		cmp	r0, #1
 126 0014 03D1     		bne	.L14
  33:main.c        ****         }
 127              		.loc 1 33 0
 128 0016 0020     		movs	r0, #0
 129 0018 FFF7FEFF 		bl	LED_Write
 130              	.LVL3:
 131 001c 08BD     		pop	{r3, pc}
 132              	.L14:
  37:main.c        ****         }
 133              		.loc 1 37 0
 134 001e 0120     		movs	r0, #1
 135 0020 FFF7FEFF 		bl	LED_Write
 136              	.LVL4:
 137              	.L12:
 138 0024 08BD     		pop	{r3, pc}
 139              	.L17:
 140 0026 00BF     		.align	2
 141              	.L16:
 142 0028 00000000 		.word	.LANCHOR0
 143              		.cfi_endproc
 144              	.LFE64:
 145              		.size	ISR_Timer1, .-ISR_Timer1
 146              		.section	.text.menu,"ax",%progbits
 147              		.align	2
 148              		.global	menu
 149              		.thumb
 150              		.thumb_func
 151              		.type	menu, %function
 152              	menu:
 153              	.LFB66:
  69:main.c        ****         break;
ARM GAS  C:\Users\emili\AppData\Local\Temp\ccjLZZgI.s 			page 5


  70:main.c        ****     }
  71:main.c        ****     default:
  72:main.c        ****         break;
  73:main.c        ****     }
  74:main.c        **** }
  75:main.c        **** 
  76:main.c        **** void menu()
  77:main.c        **** {
 154              		.loc 1 77 0
 155              		.cfi_startproc
 156              		@ args = 0, pretend = 0, frame = 0
 157              		@ frame_needed = 0, uses_anonymous_args = 0
 158 0000 38B5     		push	{r3, r4, r5, lr}
 159              		.cfi_def_cfa_offset 16
 160              		.cfi_offset 3, -16
 161              		.cfi_offset 4, -12
 162              		.cfi_offset 5, -8
 163              		.cfi_offset 14, -4
  78:main.c        ****     sprintf(cadena_uart, "Seleccione una de los MODOS");
 164              		.loc 1 78 0
 165 0002 284C     		ldr	r4, .L20
 166 0004 284D     		ldr	r5, .L20+4
 167 0006 0FCD     		ldmia	r5!, {r0, r1, r2, r3}
 168 0008 2060     		str	r0, [r4]	@ unaligned
 169 000a 6160     		str	r1, [r4, #4]	@ unaligned
 170 000c A260     		str	r2, [r4, #8]	@ unaligned
 171 000e E360     		str	r3, [r4, #12]	@ unaligned
 172 0010 07CD     		ldmia	r5!, {r0, r1, r2}
 173 0012 2061     		str	r0, [r4, #16]	@ unaligned
 174 0014 6161     		str	r1, [r4, #20]	@ unaligned
 175 0016 A261     		str	r2, [r4, #24]	@ unaligned
  79:main.c        ****     UART_PutString(cadena_uart);
 176              		.loc 1 79 0
 177 0018 2046     		mov	r0, r4
 178 001a FFF7FEFF 		bl	UART_PutString
 179              	.LVL5:
  80:main.c        ****     UART_PutChar(0xA);
 180              		.loc 1 80 0
 181 001e 0A20     		movs	r0, #10
 182 0020 FFF7FEFF 		bl	UART_PutChar
 183              	.LVL6:
  81:main.c        ****     UART_PutChar(0xD);
 184              		.loc 1 81 0
 185 0024 0D20     		movs	r0, #13
 186 0026 FFF7FEFF 		bl	UART_PutChar
 187              	.LVL7:
  82:main.c        ****     sprintf(cadena_uart, "1: Modo Apagado");
 188              		.loc 1 82 0
 189 002a 204D     		ldr	r5, .L20+8
 190 002c 0FCD     		ldmia	r5!, {r0, r1, r2, r3}
 191 002e 2060     		str	r0, [r4]	@ unaligned
 192 0030 6160     		str	r1, [r4, #4]	@ unaligned
 193 0032 A260     		str	r2, [r4, #8]	@ unaligned
 194 0034 E360     		str	r3, [r4, #12]	@ unaligned
  83:main.c        ****     UART_PutString(cadena_uart);
 195              		.loc 1 83 0
 196 0036 2046     		mov	r0, r4
ARM GAS  C:\Users\emili\AppData\Local\Temp\ccjLZZgI.s 			page 6


 197 0038 FFF7FEFF 		bl	UART_PutString
 198              	.LVL8:
  84:main.c        ****     UART_PutChar(0xA);
 199              		.loc 1 84 0
 200 003c 0A20     		movs	r0, #10
 201 003e FFF7FEFF 		bl	UART_PutChar
 202              	.LVL9:
  85:main.c        ****     UART_PutChar(0xD);
 203              		.loc 1 85 0
 204 0042 0D20     		movs	r0, #13
 205 0044 FFF7FEFF 		bl	UART_PutChar
 206              	.LVL10:
  86:main.c        ****     sprintf(cadena_uart, "2: Modo Normal");
 207              		.loc 1 86 0
 208 0048 194B     		ldr	r3, .L20+12
 209 004a 07CB     		ldmia	r3!, {r0, r1, r2}
 210 004c 2060     		str	r0, [r4]	@ unaligned
 211 004e 6160     		str	r1, [r4, #4]	@ unaligned
 212 0050 A260     		str	r2, [r4, #8]	@ unaligned
 213 0052 1A88     		ldrh	r2, [r3]	@ unaligned
 214 0054 9B78     		ldrb	r3, [r3, #2]	@ zero_extendqisi2
 215 0056 A281     		strh	r2, [r4, #12]	@ unaligned
 216 0058 A373     		strb	r3, [r4, #14]
  87:main.c        ****     UART_PutString(cadena_uart);
 217              		.loc 1 87 0
 218 005a 2046     		mov	r0, r4
 219 005c FFF7FEFF 		bl	UART_PutString
 220              	.LVL11:
  88:main.c        ****     UART_PutChar(0xA);
 221              		.loc 1 88 0
 222 0060 0A20     		movs	r0, #10
 223 0062 FFF7FEFF 		bl	UART_PutChar
 224              	.LVL12:
  89:main.c        ****     UART_PutChar(0xD);
 225              		.loc 1 89 0
 226 0066 0D20     		movs	r0, #13
 227 0068 FFF7FEFF 		bl	UART_PutChar
 228              	.LVL13:
  90:main.c        ****     sprintf(cadena_uart, "3: Modo Peligro");
 229              		.loc 1 90 0
 230 006c 114D     		ldr	r5, .L20+16
 231 006e 0FCD     		ldmia	r5!, {r0, r1, r2, r3}
 232 0070 2060     		str	r0, [r4]	@ unaligned
 233 0072 6160     		str	r1, [r4, #4]	@ unaligned
 234 0074 A260     		str	r2, [r4, #8]	@ unaligned
 235 0076 E360     		str	r3, [r4, #12]	@ unaligned
  91:main.c        ****     UART_PutString(cadena_uart);
 236              		.loc 1 91 0
 237 0078 2046     		mov	r0, r4
 238 007a FFF7FEFF 		bl	UART_PutString
 239              	.LVL14:
  92:main.c        ****     UART_PutChar(0xA);
 240              		.loc 1 92 0
 241 007e 0A20     		movs	r0, #10
 242 0080 FFF7FEFF 		bl	UART_PutChar
 243              	.LVL15:
  93:main.c        ****     UART_PutChar(0xD);
ARM GAS  C:\Users\emili\AppData\Local\Temp\ccjLZZgI.s 			page 7


 244              		.loc 1 93 0
 245 0084 0D20     		movs	r0, #13
 246 0086 FFF7FEFF 		bl	UART_PutChar
 247              	.LVL16:
  94:main.c        ****     sprintf(cadena_uart, "4: Modo Alarma");
 248              		.loc 1 94 0
 249 008a 0B4B     		ldr	r3, .L20+20
 250 008c 07CB     		ldmia	r3!, {r0, r1, r2}
 251 008e 2060     		str	r0, [r4]	@ unaligned
 252 0090 6160     		str	r1, [r4, #4]	@ unaligned
 253 0092 A260     		str	r2, [r4, #8]	@ unaligned
 254 0094 1A88     		ldrh	r2, [r3]	@ unaligned
 255 0096 9B78     		ldrb	r3, [r3, #2]	@ zero_extendqisi2
 256 0098 A281     		strh	r2, [r4, #12]	@ unaligned
 257 009a A373     		strb	r3, [r4, #14]
  95:main.c        ****     UART_PutString(cadena_uart);
 258              		.loc 1 95 0
 259 009c 2046     		mov	r0, r4
 260 009e FFF7FEFF 		bl	UART_PutString
 261              	.LVL17:
 262 00a2 38BD     		pop	{r3, r4, r5, pc}
 263              	.L21:
 264              		.align	2
 265              	.L20:
 266 00a4 00000000 		.word	cadena_uart
 267 00a8 00000000 		.word	.LC0
 268 00ac 1C000000 		.word	.LC1
 269 00b0 2C000000 		.word	.LC2
 270 00b4 3C000000 		.word	.LC3
 271 00b8 4C000000 		.word	.LC4
 272              		.cfi_endproc
 273              	.LFE66:
 274              		.size	menu, .-menu
 275              		.section	.text.configuracionInicial,"ax",%progbits
 276              		.align	2
 277              		.global	configuracionInicial
 278              		.thumb
 279              		.thumb_func
 280              		.type	configuracionInicial, %function
 281              	configuracionInicial:
 282              	.LFB67:
  96:main.c        **** }
  97:main.c        **** 
  98:main.c        **** void configuracionInicial() {
 283              		.loc 1 98 0
 284              		.cfi_startproc
 285              		@ args = 0, pretend = 0, frame = 0
 286              		@ frame_needed = 0, uses_anonymous_args = 0
 287 0000 08B5     		push	{r3, lr}
 288              		.cfi_def_cfa_offset 8
 289              		.cfi_offset 3, -8
 290              		.cfi_offset 14, -4
  99:main.c        ****     // Inicializar 
 100:main.c        **** 
 101:main.c        ****     // Activar interrupciones globales
 102:main.c        ****     CyGlobalIntEnable; 
 291              		.loc 1 102 0
ARM GAS  C:\Users\emili\AppData\Local\Temp\ccjLZZgI.s 			page 8


 292              		.syntax unified
 293              	@ 102 "main.c" 1
 294 0002 62B6     		CPSIE   i
 295              	@ 0 "" 2
 103:main.c        **** 
 104:main.c        ****     // Activar interrupcion del UART
 105:main.c        ****     IRQ_UART_StartEx(IRQ_UART);
 296              		.loc 1 105 0
 297              		.thumb
 298              		.syntax unified
 299 0004 0448     		ldr	r0, .L24
 300 0006 FFF7FEFF 		bl	IRQ_UART_StartEx
 301              	.LVL18:
 106:main.c        **** 
 107:main.c        ****     // Iniciar el componente UART
 108:main.c        ****     UART_Start();
 302              		.loc 1 108 0
 303 000a FFF7FEFF 		bl	UART_Start
 304              	.LVL19:
 109:main.c        **** 
 110:main.c        ****     // Por defecto el MOTOR 2 esta encencido
 111:main.c        ****     MOTOR2_Write(1);
 305              		.loc 1 111 0
 306 000e 0120     		movs	r0, #1
 307 0010 FFF7FEFF 		bl	MOTOR2_Write
 308              	.LVL20:
 309 0014 08BD     		pop	{r3, pc}
 310              	.L25:
 311 0016 00BF     		.align	2
 312              	.L24:
 313 0018 00000000 		.word	IRQ_UART
 314              		.cfi_endproc
 315              	.LFE67:
 316              		.size	configuracionInicial, .-configuracionInicial
 317              		.section	.text.getLuminosidad,"ax",%progbits
 318              		.align	2
 319              		.global	getLuminosidad
 320              		.thumb
 321              		.thumb_func
 322              		.type	getLuminosidad, %function
 323              	getLuminosidad:
 324              	.LFB68:
 112:main.c        **** }
 113:main.c        **** 
 114:main.c        **** 
 115:main.c        **** // **** Funcion que leen y retornan los valores actuales de los sensores
 116:main.c        **** // A menos que se mamneje por interrupciones
 117:main.c        **** 
 118:main.c        **** // Luminosidad: 
 119:main.c        **** float getLuminosidad() {
 325              		.loc 1 119 0
 326              		.cfi_startproc
 327              		@ args = 0, pretend = 0, frame = 0
 328              		@ frame_needed = 0, uses_anonymous_args = 0
 329              		@ link register save eliminated.
 120:main.c        ****     // Para implementar
 121:main.c        ****     return 1.1;
ARM GAS  C:\Users\emili\AppData\Local\Temp\ccjLZZgI.s 			page 9


 122:main.c        **** }
 330              		.loc 1 122 0
 331 0000 0048     		ldr	r0, .L27
 332 0002 7047     		bx	lr
 333              	.L28:
 334              		.align	2
 335              	.L27:
 336 0004 CDCC8C3F 		.word	1066192077
 337              		.cfi_endproc
 338              	.LFE68:
 339              		.size	getLuminosidad, .-getLuminosidad
 340              		.section	.text.getDistancia,"ax",%progbits
 341              		.align	2
 342              		.global	getDistancia
 343              		.thumb
 344              		.thumb_func
 345              		.type	getDistancia, %function
 346              	getDistancia:
 347              	.LFB69:
 123:main.c        **** 
 124:main.c        **** // DISTANCIA
 125:main.c        **** 
 126:main.c        **** // se lee el dato procesado del Ultrasonido
 127:main.c        **** 
 128:main.c        **** float getDistancia() {
 348              		.loc 1 128 0
 349              		.cfi_startproc
 350              		@ args = 0, pretend = 0, frame = 0
 351              		@ frame_needed = 0, uses_anonymous_args = 0
 352              		@ link register save eliminated.
 129:main.c        ****     // Para implementar
 130:main.c        ****     return 1.1;
 131:main.c        **** }
 353              		.loc 1 131 0
 354 0000 0048     		ldr	r0, .L30
 355 0002 7047     		bx	lr
 356              	.L31:
 357              		.align	2
 358              	.L30:
 359 0004 CDCC8C3F 		.word	1066192077
 360              		.cfi_endproc
 361              	.LFE69:
 362              		.size	getDistancia, .-getDistancia
 363              		.section	.text.Activar_Engine1,"ax",%progbits
 364              		.align	2
 365              		.global	Activar_Engine1
 366              		.thumb
 367              		.thumb_func
 368              		.type	Activar_Engine1, %function
 369              	Activar_Engine1:
 370              	.LFB70:
 132:main.c        **** 
 133:main.c        **** 
 134:main.c        **** 
 135:main.c        **** // Funcion de ayuda que evita activar el motor 1 cuando ya esta activado
 136:main.c        **** void Activar_Engine1() {
 371              		.loc 1 136 0
ARM GAS  C:\Users\emili\AppData\Local\Temp\ccjLZZgI.s 			page 10


 372              		.cfi_startproc
 373              		@ args = 0, pretend = 0, frame = 0
 374              		@ frame_needed = 0, uses_anonymous_args = 0
 375 0000 08B5     		push	{r3, lr}
 376              		.cfi_def_cfa_offset 8
 377              		.cfi_offset 3, -8
 378              		.cfi_offset 14, -4
 137:main.c        ****     if (MOTOR1_Read() != 1)
 379              		.loc 1 137 0
 380 0002 FFF7FEFF 		bl	MOTOR1_Read
 381              	.LVL21:
 382 0006 0128     		cmp	r0, #1
 383 0008 02D0     		beq	.L32
 138:main.c        ****         MOTOR1_Write(1);
 384              		.loc 1 138 0
 385 000a 0120     		movs	r0, #1
 386 000c FFF7FEFF 		bl	MOTOR1_Write
 387              	.LVL22:
 388              	.L32:
 389 0010 08BD     		pop	{r3, pc}
 390              		.cfi_endproc
 391              	.LFE70:
 392              		.size	Activar_Engine1, .-Activar_Engine1
 393              		.global	__aeabi_fcmplt
 394              		.global	__aeabi_fcmpgt
 395 0012 00BF     		.section	.text.main,"ax",%progbits
 396              		.align	2
 397              		.global	main
 398              		.thumb
 399              		.thumb_func
 400              		.type	main, %function
 401              	main:
 402              	.LFB71:
 139:main.c        **** }
 140:main.c        **** 
 141:main.c        **** int main(void)
 142:main.c        **** {
 403              		.loc 1 142 0
 404              		.cfi_startproc
 405              		@ args = 0, pretend = 0, frame = 0
 406              		@ frame_needed = 0, uses_anonymous_args = 0
 407 0000 38B5     		push	{r3, r4, r5, lr}
 408              		.cfi_def_cfa_offset 16
 409              		.cfi_offset 3, -16
 410              		.cfi_offset 4, -12
 411              		.cfi_offset 5, -8
 412              		.cfi_offset 14, -4
 143:main.c        **** 
 144:main.c        ****     configuracionInicial();
 413              		.loc 1 144 0
 414 0002 FFF7FEFF 		bl	configuracionInicial
 415              	.LVL23:
 145:main.c        **** 
 146:main.c        ****     float distancia, luminosidad;
 147:main.c        **** 
 148:main.c        ****     menu();
 416              		.loc 1 148 0
ARM GAS  C:\Users\emili\AppData\Local\Temp\ccjLZZgI.s 			page 11


 417 0006 FFF7FEFF 		bl	menu
 418              	.LVL24:
 419              	.L36:
 149:main.c        ****     for (;;)
 150:main.c        ****     {
 151:main.c        ****         if (MODO == '1')
 420              		.loc 1 151 0
 421 000a 1F4B     		ldr	r3, .L52
 422 000c 1B78     		ldrb	r3, [r3]	@ zero_extendqisi2
 423 000e 312B     		cmp	r3, #49
 424 0010 FBD0     		beq	.L36
 152:main.c        ****         {
 153:main.c        ****             // APAGADO = NO SE HACE NADA
 154:main.c        ****             continue;
 155:main.c        ****         }
 156:main.c        ****         else if (MODO == '2')
 425              		.loc 1 156 0
 426 0012 322B     		cmp	r3, #50
 427 0014 25D1     		bne	.L38
 157:main.c        ****         {
 158:main.c        ****             // MODO NORMAL
 159:main.c        **** 
 160:main.c        ****             // ** Lectura de valores de Sensores **
 161:main.c        ****             distancia = getDistancia();
 428              		.loc 1 161 0
 429 0016 FFF7FEFF 		bl	getDistancia
 430              	.LVL25:
 431 001a 0546     		mov	r5, r0
 432              	.LVL26:
 162:main.c        ****             luminosidad = getLuminosidad();
 433              		.loc 1 162 0
 434 001c FFF7FEFF 		bl	getLuminosidad
 435              	.LVL27:
 436 0020 0446     		mov	r4, r0
 437              	.LVL28:
 163:main.c        **** 
 164:main.c        ****             if (distancia < 2) {
 438              		.loc 1 164 0
 439 0022 4FF08041 		mov	r1, #1073741824
 440 0026 2846     		mov	r0, r5
 441              	.LVL29:
 442 0028 FFF7FEFF 		bl	__aeabi_fcmplt
 443              	.LVL30:
 444 002c 10B1     		cbz	r0, .L50
 165:main.c        ****                 Activar_Engine1();
 445              		.loc 1 165 0
 446 002e FFF7FEFF 		bl	Activar_Engine1
 447              	.LVL31:
 448 0032 0CE0     		b	.L41
 449              	.L50:
 166:main.c        ****             } 
 167:main.c        ****             else {
 168:main.c        ****                 if (luminosidad > 100 && distancia < 10)
 450              		.loc 1 168 0
 451 0034 1549     		ldr	r1, .L52+4
 452 0036 2046     		mov	r0, r4
 453 0038 FFF7FEFF 		bl	__aeabi_fcmpgt
ARM GAS  C:\Users\emili\AppData\Local\Temp\ccjLZZgI.s 			page 12


 454              	.LVL32:
 455 003c 38B1     		cbz	r0, .L41
 456              		.loc 1 168 0 is_stmt 0 discriminator 1
 457 003e 1449     		ldr	r1, .L52+8
 458 0040 2846     		mov	r0, r5
 459 0042 FFF7FEFF 		bl	__aeabi_fcmplt
 460              	.LVL33:
 461 0046 10B1     		cbz	r0, .L41
 169:main.c        ****                     BUZZER_Write(1); // Se activa el buzzer
 462              		.loc 1 169 0 is_stmt 1
 463 0048 0120     		movs	r0, #1
 464 004a FFF7FEFF 		bl	BUZZER_Write
 465              	.LVL34:
 466              	.L41:
 170:main.c        ****             }
 171:main.c        **** 
 172:main.c        ****             if (luminosidad < 100)
 467              		.loc 1 172 0
 468 004e 0F49     		ldr	r1, .L52+4
 469 0050 2046     		mov	r0, r4
 470 0052 FFF7FEFF 		bl	__aeabi_fcmplt
 471              	.LVL35:
 472 0056 0028     		cmp	r0, #0
 473 0058 D7D0     		beq	.L36
 173:main.c        ****                 MOTOR2_Write(0);
 474              		.loc 1 173 0
 475 005a 0020     		movs	r0, #0
 476 005c FFF7FEFF 		bl	MOTOR2_Write
 477              	.LVL36:
 478 0060 D3E7     		b	.L36
 479              	.LVL37:
 480              	.L38:
 174:main.c        **** 
 175:main.c        ****         }
 176:main.c        ****         else if (MODO == '3')
 481              		.loc 1 176 0
 482 0062 332B     		cmp	r3, #51
 483 0064 06D1     		bne	.L45
 177:main.c        ****         {
 178:main.c        ****             // MODO PELIGRO
 179:main.c        ****             // EL AIRBAG SE DESPLIEGA.
 180:main.c        ****             MOTOR1_Write(1);
 484              		.loc 1 180 0
 485 0066 0120     		movs	r0, #1
 486 0068 FFF7FEFF 		bl	MOTOR1_Write
 487              	.LVL38:
 181:main.c        **** 
 182:main.c        ****             // MOTOR 2 SE PARA
 183:main.c        ****             MOTOR2_Write(0);
 488              		.loc 1 183 0
 489 006c 0020     		movs	r0, #0
 490 006e FFF7FEFF 		bl	MOTOR2_Write
 491              	.LVL39:
 492 0072 CAE7     		b	.L36
 493              	.L45:
 184:main.c        ****         }
 185:main.c        ****         else if (MODO == '4')
ARM GAS  C:\Users\emili\AppData\Local\Temp\ccjLZZgI.s 			page 13


 494              		.loc 1 185 0
 495 0074 342B     		cmp	r3, #52
 496 0076 C8D1     		bne	.L36
 186:main.c        ****         {
 187:main.c        ****             // MODO ALAMAR
 188:main.c        ****             BUZZER_Write(1);
 497              		.loc 1 188 0
 498 0078 0120     		movs	r0, #1
 499 007a FFF7FEFF 		bl	BUZZER_Write
 500              	.LVL40:
 189:main.c        ****             enable_led = '1'; // timer de 2 segundos para apagar/prender la coneccion dependiendo d
 501              		.loc 1 189 0
 502 007e 3122     		movs	r2, #49
 503 0080 044B     		ldr	r3, .L52+12
 504 0082 1A70     		strb	r2, [r3]
 505 0084 C1E7     		b	.L36
 506              	.L53:
 507 0086 00BF     		.align	2
 508              	.L52:
 509 0088 00000000 		.word	MODO
 510 008c 0000C842 		.word	1120403456
 511 0090 00002041 		.word	1092616192
 512 0094 00000000 		.word	.LANCHOR0
 513              		.cfi_endproc
 514              	.LFE71:
 515              		.size	main, .-main
 516              		.global	enable_led
 517              		.comm	MODO,1,1
 518              		.comm	cadena_uart,100,4
 519              		.comm	uart_in,1,1
 520              		.data
 521              		.set	.LANCHOR0,. + 0
 522              		.type	enable_led, %object
 523              		.size	enable_led, 1
 524              	enable_led:
 525 0000 30       		.byte	48
 526              		.section	.rodata.str1.4,"aMS",%progbits,1
 527              		.align	2
 528              	.LC0:
 529 0000 53656C65 		.ascii	"Seleccione una de los MODOS\000"
 529      6363696F 
 529      6E652075 
 529      6E612064 
 529      65206C6F 
 530              	.LC1:
 531 001c 313A204D 		.ascii	"1: Modo Apagado\000"
 531      6F646F20 
 531      41706167 
 531      61646F00 
 532              	.LC2:
 533 002c 323A204D 		.ascii	"2: Modo Normal\000"
 533      6F646F20 
 533      4E6F726D 
 533      616C00
 534 003b 00       		.space	1
 535              	.LC3:
 536 003c 333A204D 		.ascii	"3: Modo Peligro\000"
ARM GAS  C:\Users\emili\AppData\Local\Temp\ccjLZZgI.s 			page 14


 536      6F646F20 
 536      50656C69 
 536      67726F00 
 537              	.LC4:
 538 004c 343A204D 		.ascii	"4: Modo Alarma\000"
 538      6F646F20 
 538      416C6172 
 538      6D6100
 539              		.text
 540              	.Letext0:
 541              		.file 2 "c:\\program files (x86)\\cypress\\psoc creator\\4.4\\psoc creator\\import\\gnu\\arm\\5.4.
 542              		.file 3 "c:\\program files (x86)\\cypress\\psoc creator\\4.4\\psoc creator\\import\\gnu\\arm\\5.4.
 543              		.file 4 "Generated_Source\\PSoC5/core_cm3.h"
 544              		.file 5 "Generated_Source\\PSoC5/UART.h"
 545              		.file 6 "Generated_Source\\PSoC5/Timer1.h"
 546              		.file 7 "Generated_Source\\PSoC5/LED.h"
 547              		.file 8 "Generated_Source\\PSoC5/IRQ_UART.h"
 548              		.file 9 "Generated_Source\\PSoC5/MOTOR2.h"
 549              		.file 10 "Generated_Source\\PSoC5/MOTOR1.h"
 550              		.file 11 "Generated_Source\\PSoC5/BUZZER.h"
 551              		.section	.debug_info,"",%progbits
 552              	.Ldebug_info0:
 553 0000 5E040000 		.4byte	0x45e
 554 0004 0400     		.2byte	0x4
 555 0006 00000000 		.4byte	.Ldebug_abbrev0
 556 000a 04       		.byte	0x4
 557 000b 01       		.uleb128 0x1
 558 000c 5D000000 		.4byte	.LASF42
 559 0010 0C       		.byte	0xc
 560 0011 6D020000 		.4byte	.LASF43
 561 0015 AC010000 		.4byte	.LASF44
 562 0019 00000000 		.4byte	.Ldebug_ranges0+0
 563 001d 00000000 		.4byte	0
 564 0021 00000000 		.4byte	.Ldebug_line0
 565 0025 02       		.uleb128 0x2
 566 0026 01       		.byte	0x1
 567 0027 06       		.byte	0x6
 568 0028 43000000 		.4byte	.LASF0
 569 002c 02       		.uleb128 0x2
 570 002d 01       		.byte	0x1
 571 002e 08       		.byte	0x8
 572 002f 4F000000 		.4byte	.LASF1
 573 0033 02       		.uleb128 0x2
 574 0034 02       		.byte	0x2
 575 0035 05       		.byte	0x5
 576 0036 85010000 		.4byte	.LASF2
 577 003a 02       		.uleb128 0x2
 578 003b 02       		.byte	0x2
 579 003c 07       		.byte	0x7
 580 003d 24010000 		.4byte	.LASF3
 581 0041 03       		.uleb128 0x3
 582 0042 14000000 		.4byte	.LASF9
 583 0046 02       		.byte	0x2
 584 0047 3F       		.byte	0x3f
 585 0048 4C000000 		.4byte	0x4c
 586 004c 02       		.uleb128 0x2
 587 004d 04       		.byte	0x4
ARM GAS  C:\Users\emili\AppData\Local\Temp\ccjLZZgI.s 			page 15


 588 004e 05       		.byte	0x5
 589 004f AD020000 		.4byte	.LASF4
 590 0053 02       		.uleb128 0x2
 591 0054 04       		.byte	0x4
 592 0055 07       		.byte	0x7
 593 0056 12010000 		.4byte	.LASF5
 594 005a 02       		.uleb128 0x2
 595 005b 08       		.byte	0x8
 596 005c 05       		.byte	0x5
 597 005d 5F020000 		.4byte	.LASF6
 598 0061 02       		.uleb128 0x2
 599 0062 08       		.byte	0x8
 600 0063 07       		.byte	0x7
 601 0064 05020000 		.4byte	.LASF7
 602 0068 04       		.uleb128 0x4
 603 0069 04       		.byte	0x4
 604 006a 05       		.byte	0x5
 605 006b 696E7400 		.ascii	"int\000"
 606 006f 02       		.uleb128 0x2
 607 0070 04       		.byte	0x4
 608 0071 07       		.byte	0x7
 609 0072 F8010000 		.4byte	.LASF8
 610 0076 03       		.uleb128 0x3
 611 0077 41020000 		.4byte	.LASF10
 612 007b 03       		.byte	0x3
 613 007c 2C       		.byte	0x2c
 614 007d 41000000 		.4byte	0x41
 615 0081 02       		.uleb128 0x2
 616 0082 04       		.byte	0x4
 617 0083 04       		.byte	0x4
 618 0084 3D000000 		.4byte	.LASF11
 619 0088 02       		.uleb128 0x2
 620 0089 08       		.byte	0x8
 621 008a 04       		.byte	0x4
 622 008b 6F010000 		.4byte	.LASF12
 623 008f 02       		.uleb128 0x2
 624 0090 01       		.byte	0x1
 625 0091 08       		.byte	0x8
 626 0092 05000000 		.4byte	.LASF13
 627 0096 02       		.uleb128 0x2
 628 0097 08       		.byte	0x8
 629 0098 04       		.byte	0x4
 630 0099 C0020000 		.4byte	.LASF14
 631 009d 02       		.uleb128 0x2
 632 009e 04       		.byte	0x4
 633 009f 07       		.byte	0x7
 634 00a0 56020000 		.4byte	.LASF15
 635 00a4 05       		.uleb128 0x5
 636 00a5 29000000 		.4byte	.LASF16
 637 00a9 01       		.byte	0x1
 638 00aa 29       		.byte	0x29
 639 00ab 00000000 		.4byte	.LFB65
 640 00af 50000000 		.4byte	.LFE65-.LFB65
 641 00b3 01       		.uleb128 0x1
 642 00b4 9C       		.byte	0x9c
 643 00b5 C3000000 		.4byte	0xc3
 644 00b9 06       		.uleb128 0x6
ARM GAS  C:\Users\emili\AppData\Local\Temp\ccjLZZgI.s 			page 16


 645 00ba 06000000 		.4byte	.LVL0
 646 00be DD030000 		.4byte	0x3dd
 647 00c2 00       		.byte	0
 648 00c3 05       		.uleb128 0x5
 649 00c4 32000000 		.4byte	.LASF17
 650 00c8 01       		.byte	0x1
 651 00c9 18       		.byte	0x18
 652 00ca 00000000 		.4byte	.LFB64
 653 00ce 2C000000 		.4byte	.LFE64-.LFB64
 654 00d2 01       		.uleb128 0x1
 655 00d3 9C       		.byte	0x9c
 656 00d4 0D010000 		.4byte	0x10d
 657 00d8 06       		.uleb128 0x6
 658 00d9 06000000 		.4byte	.LVL1
 659 00dd E8030000 		.4byte	0x3e8
 660 00e1 06       		.uleb128 0x6
 661 00e2 12000000 		.4byte	.LVL2
 662 00e6 F3030000 		.4byte	0x3f3
 663 00ea 07       		.uleb128 0x7
 664 00eb 1C000000 		.4byte	.LVL3
 665 00ef FE030000 		.4byte	0x3fe
 666 00f3 FD000000 		.4byte	0xfd
 667 00f7 08       		.uleb128 0x8
 668 00f8 01       		.uleb128 0x1
 669 00f9 50       		.byte	0x50
 670 00fa 01       		.uleb128 0x1
 671 00fb 30       		.byte	0x30
 672 00fc 00       		.byte	0
 673 00fd 09       		.uleb128 0x9
 674 00fe 24000000 		.4byte	.LVL4
 675 0102 FE030000 		.4byte	0x3fe
 676 0106 08       		.uleb128 0x8
 677 0107 01       		.uleb128 0x1
 678 0108 50       		.byte	0x50
 679 0109 01       		.uleb128 0x1
 680 010a 31       		.byte	0x31
 681 010b 00       		.byte	0
 682 010c 00       		.byte	0
 683 010d 0A       		.uleb128 0xa
 684 010e 00000000 		.4byte	.LASF18
 685 0112 01       		.byte	0x1
 686 0113 4C       		.byte	0x4c
 687 0114 00000000 		.4byte	.LFB66
 688 0118 BC000000 		.4byte	.LFE66-.LFB66
 689 011c 01       		.uleb128 0x1
 690 011d 9C       		.byte	0x9c
 691 011e 1B020000 		.4byte	0x21b
 692 0122 07       		.uleb128 0x7
 693 0123 1E000000 		.4byte	.LVL5
 694 0127 09040000 		.4byte	0x409
 695 012b 36010000 		.4byte	0x136
 696 012f 08       		.uleb128 0x8
 697 0130 01       		.uleb128 0x1
 698 0131 50       		.byte	0x50
 699 0132 02       		.uleb128 0x2
 700 0133 74       		.byte	0x74
 701 0134 00       		.sleb128 0
ARM GAS  C:\Users\emili\AppData\Local\Temp\ccjLZZgI.s 			page 17


 702 0135 00       		.byte	0
 703 0136 07       		.uleb128 0x7
 704 0137 24000000 		.4byte	.LVL6
 705 013b 14040000 		.4byte	0x414
 706 013f 49010000 		.4byte	0x149
 707 0143 08       		.uleb128 0x8
 708 0144 01       		.uleb128 0x1
 709 0145 50       		.byte	0x50
 710 0146 01       		.uleb128 0x1
 711 0147 3A       		.byte	0x3a
 712 0148 00       		.byte	0
 713 0149 07       		.uleb128 0x7
 714 014a 2A000000 		.4byte	.LVL7
 715 014e 14040000 		.4byte	0x414
 716 0152 5C010000 		.4byte	0x15c
 717 0156 08       		.uleb128 0x8
 718 0157 01       		.uleb128 0x1
 719 0158 50       		.byte	0x50
 720 0159 01       		.uleb128 0x1
 721 015a 3D       		.byte	0x3d
 722 015b 00       		.byte	0
 723 015c 07       		.uleb128 0x7
 724 015d 3C000000 		.4byte	.LVL8
 725 0161 09040000 		.4byte	0x409
 726 0165 70010000 		.4byte	0x170
 727 0169 08       		.uleb128 0x8
 728 016a 01       		.uleb128 0x1
 729 016b 50       		.byte	0x50
 730 016c 02       		.uleb128 0x2
 731 016d 74       		.byte	0x74
 732 016e 00       		.sleb128 0
 733 016f 00       		.byte	0
 734 0170 07       		.uleb128 0x7
 735 0171 42000000 		.4byte	.LVL9
 736 0175 14040000 		.4byte	0x414
 737 0179 83010000 		.4byte	0x183
 738 017d 08       		.uleb128 0x8
 739 017e 01       		.uleb128 0x1
 740 017f 50       		.byte	0x50
 741 0180 01       		.uleb128 0x1
 742 0181 3A       		.byte	0x3a
 743 0182 00       		.byte	0
 744 0183 07       		.uleb128 0x7
 745 0184 48000000 		.4byte	.LVL10
 746 0188 14040000 		.4byte	0x414
 747 018c 96010000 		.4byte	0x196
 748 0190 08       		.uleb128 0x8
 749 0191 01       		.uleb128 0x1
 750 0192 50       		.byte	0x50
 751 0193 01       		.uleb128 0x1
 752 0194 3D       		.byte	0x3d
 753 0195 00       		.byte	0
 754 0196 07       		.uleb128 0x7
 755 0197 60000000 		.4byte	.LVL11
 756 019b 09040000 		.4byte	0x409
 757 019f AA010000 		.4byte	0x1aa
 758 01a3 08       		.uleb128 0x8
ARM GAS  C:\Users\emili\AppData\Local\Temp\ccjLZZgI.s 			page 18


 759 01a4 01       		.uleb128 0x1
 760 01a5 50       		.byte	0x50
 761 01a6 02       		.uleb128 0x2
 762 01a7 74       		.byte	0x74
 763 01a8 00       		.sleb128 0
 764 01a9 00       		.byte	0
 765 01aa 07       		.uleb128 0x7
 766 01ab 66000000 		.4byte	.LVL12
 767 01af 14040000 		.4byte	0x414
 768 01b3 BD010000 		.4byte	0x1bd
 769 01b7 08       		.uleb128 0x8
 770 01b8 01       		.uleb128 0x1
 771 01b9 50       		.byte	0x50
 772 01ba 01       		.uleb128 0x1
 773 01bb 3A       		.byte	0x3a
 774 01bc 00       		.byte	0
 775 01bd 07       		.uleb128 0x7
 776 01be 6C000000 		.4byte	.LVL13
 777 01c2 14040000 		.4byte	0x414
 778 01c6 D0010000 		.4byte	0x1d0
 779 01ca 08       		.uleb128 0x8
 780 01cb 01       		.uleb128 0x1
 781 01cc 50       		.byte	0x50
 782 01cd 01       		.uleb128 0x1
 783 01ce 3D       		.byte	0x3d
 784 01cf 00       		.byte	0
 785 01d0 07       		.uleb128 0x7
 786 01d1 7E000000 		.4byte	.LVL14
 787 01d5 09040000 		.4byte	0x409
 788 01d9 E4010000 		.4byte	0x1e4
 789 01dd 08       		.uleb128 0x8
 790 01de 01       		.uleb128 0x1
 791 01df 50       		.byte	0x50
 792 01e0 02       		.uleb128 0x2
 793 01e1 74       		.byte	0x74
 794 01e2 00       		.sleb128 0
 795 01e3 00       		.byte	0
 796 01e4 07       		.uleb128 0x7
 797 01e5 84000000 		.4byte	.LVL15
 798 01e9 14040000 		.4byte	0x414
 799 01ed F7010000 		.4byte	0x1f7
 800 01f1 08       		.uleb128 0x8
 801 01f2 01       		.uleb128 0x1
 802 01f3 50       		.byte	0x50
 803 01f4 01       		.uleb128 0x1
 804 01f5 3A       		.byte	0x3a
 805 01f6 00       		.byte	0
 806 01f7 07       		.uleb128 0x7
 807 01f8 8A000000 		.4byte	.LVL16
 808 01fc 14040000 		.4byte	0x414
 809 0200 0A020000 		.4byte	0x20a
 810 0204 08       		.uleb128 0x8
 811 0205 01       		.uleb128 0x1
 812 0206 50       		.byte	0x50
 813 0207 01       		.uleb128 0x1
 814 0208 3D       		.byte	0x3d
 815 0209 00       		.byte	0
ARM GAS  C:\Users\emili\AppData\Local\Temp\ccjLZZgI.s 			page 19


 816 020a 09       		.uleb128 0x9
 817 020b A2000000 		.4byte	.LVL17
 818 020f 09040000 		.4byte	0x409
 819 0213 08       		.uleb128 0x8
 820 0214 01       		.uleb128 0x1
 821 0215 50       		.byte	0x50
 822 0216 02       		.uleb128 0x2
 823 0217 74       		.byte	0x74
 824 0218 00       		.sleb128 0
 825 0219 00       		.byte	0
 826 021a 00       		.byte	0
 827 021b 0A       		.uleb128 0xa
 828 021c 4D010000 		.4byte	.LASF19
 829 0220 01       		.byte	0x1
 830 0221 62       		.byte	0x62
 831 0222 00000000 		.4byte	.LFB67
 832 0226 1C000000 		.4byte	.LFE67-.LFB67
 833 022a 01       		.uleb128 0x1
 834 022b 9C       		.byte	0x9c
 835 022c 60020000 		.4byte	0x260
 836 0230 07       		.uleb128 0x7
 837 0231 0A000000 		.4byte	.LVL18
 838 0235 1F040000 		.4byte	0x41f
 839 0239 47020000 		.4byte	0x247
 840 023d 08       		.uleb128 0x8
 841 023e 01       		.uleb128 0x1
 842 023f 50       		.byte	0x50
 843 0240 05       		.uleb128 0x5
 844 0241 03       		.byte	0x3
 845 0242 00000000 		.4byte	IRQ_UART
 846 0246 00       		.byte	0
 847 0247 06       		.uleb128 0x6
 848 0248 0E000000 		.4byte	.LVL19
 849 024c 2A040000 		.4byte	0x42a
 850 0250 09       		.uleb128 0x9
 851 0251 14000000 		.4byte	.LVL20
 852 0255 35040000 		.4byte	0x435
 853 0259 08       		.uleb128 0x8
 854 025a 01       		.uleb128 0x1
 855 025b 50       		.byte	0x50
 856 025c 01       		.uleb128 0x1
 857 025d 31       		.byte	0x31
 858 025e 00       		.byte	0
 859 025f 00       		.byte	0
 860 0260 0B       		.uleb128 0xb
 861 0261 76010000 		.4byte	.LASF20
 862 0265 01       		.byte	0x1
 863 0266 77       		.byte	0x77
 864 0267 81000000 		.4byte	0x81
 865 026b 00000000 		.4byte	.LFB68
 866 026f 08000000 		.4byte	.LFE68-.LFB68
 867 0273 01       		.uleb128 0x1
 868 0274 9C       		.byte	0x9c
 869 0275 0B       		.uleb128 0xb
 870 0276 37010000 		.4byte	.LASF21
 871 027a 01       		.byte	0x1
 872 027b 80       		.byte	0x80
ARM GAS  C:\Users\emili\AppData\Local\Temp\ccjLZZgI.s 			page 20


 873 027c 81000000 		.4byte	0x81
 874 0280 00000000 		.4byte	.LFB69
 875 0284 08000000 		.4byte	.LFE69-.LFB69
 876 0288 01       		.uleb128 0x1
 877 0289 9C       		.byte	0x9c
 878 028a 0A       		.uleb128 0xa
 879 028b 1C020000 		.4byte	.LASF22
 880 028f 01       		.byte	0x1
 881 0290 88       		.byte	0x88
 882 0291 00000000 		.4byte	.LFB70
 883 0295 12000000 		.4byte	.LFE70-.LFB70
 884 0299 01       		.uleb128 0x1
 885 029a 9C       		.byte	0x9c
 886 029b B8020000 		.4byte	0x2b8
 887 029f 06       		.uleb128 0x6
 888 02a0 06000000 		.4byte	.LVL21
 889 02a4 40040000 		.4byte	0x440
 890 02a8 09       		.uleb128 0x9
 891 02a9 10000000 		.4byte	.LVL22
 892 02ad 4B040000 		.4byte	0x44b
 893 02b1 08       		.uleb128 0x8
 894 02b2 01       		.uleb128 0x1
 895 02b3 50       		.byte	0x50
 896 02b4 01       		.uleb128 0x1
 897 02b5 31       		.byte	0x31
 898 02b6 00       		.byte	0
 899 02b7 00       		.byte	0
 900 02b8 0C       		.uleb128 0xc
 901 02b9 2C020000 		.4byte	.LASF45
 902 02bd 01       		.byte	0x1
 903 02be 8D       		.byte	0x8d
 904 02bf 68000000 		.4byte	0x68
 905 02c3 00000000 		.4byte	.LFB71
 906 02c7 98000000 		.4byte	.LFE71-.LFB71
 907 02cb 01       		.uleb128 0x1
 908 02cc 9C       		.byte	0x9c
 909 02cd 78030000 		.4byte	0x378
 910 02d1 0D       		.uleb128 0xd
 911 02d2 B6020000 		.4byte	.LASF23
 912 02d6 01       		.byte	0x1
 913 02d7 92       		.byte	0x92
 914 02d8 81000000 		.4byte	0x81
 915 02dc 00000000 		.4byte	.LLST0
 916 02e0 0D       		.uleb128 0xd
 917 02e1 A1020000 		.4byte	.LASF24
 918 02e5 01       		.byte	0x1
 919 02e6 92       		.byte	0x92
 920 02e7 81000000 		.4byte	0x81
 921 02eb 1E000000 		.4byte	.LLST1
 922 02ef 06       		.uleb128 0x6
 923 02f0 06000000 		.4byte	.LVL23
 924 02f4 1B020000 		.4byte	0x21b
 925 02f8 06       		.uleb128 0x6
 926 02f9 0A000000 		.4byte	.LVL24
 927 02fd 0D010000 		.4byte	0x10d
 928 0301 06       		.uleb128 0x6
 929 0302 1A000000 		.4byte	.LVL25
ARM GAS  C:\Users\emili\AppData\Local\Temp\ccjLZZgI.s 			page 21


 930 0306 75020000 		.4byte	0x275
 931 030a 06       		.uleb128 0x6
 932 030b 20000000 		.4byte	.LVL27
 933 030f 60020000 		.4byte	0x260
 934 0313 06       		.uleb128 0x6
 935 0314 32000000 		.4byte	.LVL31
 936 0318 8A020000 		.4byte	0x28a
 937 031c 07       		.uleb128 0x7
 938 031d 4E000000 		.4byte	.LVL34
 939 0321 56040000 		.4byte	0x456
 940 0325 2F030000 		.4byte	0x32f
 941 0329 08       		.uleb128 0x8
 942 032a 01       		.uleb128 0x1
 943 032b 50       		.byte	0x50
 944 032c 01       		.uleb128 0x1
 945 032d 31       		.byte	0x31
 946 032e 00       		.byte	0
 947 032f 07       		.uleb128 0x7
 948 0330 60000000 		.4byte	.LVL36
 949 0334 35040000 		.4byte	0x435
 950 0338 42030000 		.4byte	0x342
 951 033c 08       		.uleb128 0x8
 952 033d 01       		.uleb128 0x1
 953 033e 50       		.byte	0x50
 954 033f 01       		.uleb128 0x1
 955 0340 30       		.byte	0x30
 956 0341 00       		.byte	0
 957 0342 07       		.uleb128 0x7
 958 0343 6C000000 		.4byte	.LVL38
 959 0347 4B040000 		.4byte	0x44b
 960 034b 55030000 		.4byte	0x355
 961 034f 08       		.uleb128 0x8
 962 0350 01       		.uleb128 0x1
 963 0351 50       		.byte	0x50
 964 0352 01       		.uleb128 0x1
 965 0353 31       		.byte	0x31
 966 0354 00       		.byte	0
 967 0355 07       		.uleb128 0x7
 968 0356 72000000 		.4byte	.LVL39
 969 035a 35040000 		.4byte	0x435
 970 035e 68030000 		.4byte	0x368
 971 0362 08       		.uleb128 0x8
 972 0363 01       		.uleb128 0x1
 973 0364 50       		.byte	0x50
 974 0365 01       		.uleb128 0x1
 975 0366 30       		.byte	0x30
 976 0367 00       		.byte	0
 977 0368 09       		.uleb128 0x9
 978 0369 7E000000 		.4byte	.LVL40
 979 036d 56040000 		.4byte	0x456
 980 0371 08       		.uleb128 0x8
 981 0372 01       		.uleb128 0x1
 982 0373 50       		.byte	0x50
 983 0374 01       		.uleb128 0x1
 984 0375 31       		.byte	0x31
 985 0376 00       		.byte	0
 986 0377 00       		.byte	0
ARM GAS  C:\Users\emili\AppData\Local\Temp\ccjLZZgI.s 			page 22


 987 0378 0E       		.uleb128 0xe
 988 0379 62010000 		.4byte	.LASF25
 989 037d 04       		.byte	0x4
 990 037e 1207     		.2byte	0x712
 991 0380 84030000 		.4byte	0x384
 992 0384 0F       		.uleb128 0xf
 993 0385 76000000 		.4byte	0x76
 994 0389 10       		.uleb128 0x10
 995 038a 74020000 		.4byte	.LASF26
 996 038e 01       		.byte	0x1
 997 038f 13       		.byte	0x13
 998 0390 8F000000 		.4byte	0x8f
 999 0394 05       		.uleb128 0x5
 1000 0395 03       		.byte	0x3
 1001 0396 00000000 		.4byte	uart_in
 1002 039a 11       		.uleb128 0x11
 1003 039b 8F000000 		.4byte	0x8f
 1004 039f AA030000 		.4byte	0x3aa
 1005 03a3 12       		.uleb128 0x12
 1006 03a4 9D000000 		.4byte	0x9d
 1007 03a8 63       		.byte	0x63
 1008 03a9 00       		.byte	0
 1009 03aa 10       		.uleb128 0x10
 1010 03ab E0020000 		.4byte	.LASF27
 1011 03af 01       		.byte	0x1
 1012 03b0 14       		.byte	0x14
 1013 03b1 9A030000 		.4byte	0x39a
 1014 03b5 05       		.uleb128 0x5
 1015 03b6 03       		.byte	0x3
 1016 03b7 00000000 		.4byte	cadena_uart
 1017 03bb 10       		.uleb128 0x10
 1018 03bc CC020000 		.4byte	.LASF28
 1019 03c0 01       		.byte	0x1
 1020 03c1 15       		.byte	0x15
 1021 03c2 8F000000 		.4byte	0x8f
 1022 03c6 05       		.uleb128 0x5
 1023 03c7 03       		.byte	0x3
 1024 03c8 00000000 		.4byte	MODO
 1025 03cc 10       		.uleb128 0x10
 1026 03cd 89020000 		.4byte	.LASF29
 1027 03d1 01       		.byte	0x1
 1028 03d2 16       		.byte	0x16
 1029 03d3 8F000000 		.4byte	0x8f
 1030 03d7 05       		.uleb128 0x5
 1031 03d8 03       		.byte	0x3
 1032 03d9 00000000 		.4byte	enable_led
 1033 03dd 13       		.uleb128 0x13
 1034 03de 31020000 		.4byte	.LASF30
 1035 03e2 31020000 		.4byte	.LASF30
 1036 03e6 05       		.byte	0x5
 1037 03e7 6F       		.byte	0x6f
 1038 03e8 13       		.uleb128 0x13
 1039 03e9 EB000000 		.4byte	.LASF31
 1040 03ed EB000000 		.4byte	.LASF31
 1041 03f1 06       		.byte	0x6
 1042 03f2 5E       		.byte	0x5e
 1043 03f3 13       		.uleb128 0x13
ARM GAS  C:\Users\emili\AppData\Local\Temp\ccjLZZgI.s 			page 23


 1044 03f4 44010000 		.4byte	.LASF32
 1045 03f8 44010000 		.4byte	.LASF32
 1046 03fc 07       		.byte	0x7
 1047 03fd 29       		.byte	0x29
 1048 03fe 13       		.uleb128 0x13
 1049 03ff 0A000000 		.4byte	.LASF33
 1050 0403 0A000000 		.4byte	.LASF33
 1051 0407 07       		.byte	0x7
 1052 0408 26       		.byte	0x26
 1053 0409 13       		.uleb128 0x13
 1054 040a D1020000 		.4byte	.LASF34
 1055 040e D1020000 		.4byte	.LASF34
 1056 0412 05       		.byte	0x5
 1057 0413 8B       		.byte	0x8b
 1058 0414 13       		.uleb128 0x13
 1059 0415 49020000 		.4byte	.LASF35
 1060 0419 49020000 		.4byte	.LASF35
 1061 041d 05       		.byte	0x5
 1062 041e 8A       		.byte	0x8a
 1063 041f 13       		.uleb128 0x13
 1064 0420 8F010000 		.4byte	.LASF36
 1065 0424 8F010000 		.4byte	.LASF36
 1066 0428 08       		.byte	0x8
 1067 0429 18       		.byte	0x18
 1068 042a 13       		.uleb128 0x13
 1069 042b 1E000000 		.4byte	.LASF37
 1070 042f 1E000000 		.4byte	.LASF37
 1071 0433 05       		.byte	0x5
 1072 0434 54       		.byte	0x54
 1073 0435 13       		.uleb128 0x13
 1074 0436 94020000 		.4byte	.LASF38
 1075 043a 94020000 		.4byte	.LASF38
 1076 043e 09       		.byte	0x9
 1077 043f 26       		.byte	0x26
 1078 0440 13       		.uleb128 0x13
 1079 0441 A0010000 		.4byte	.LASF39
 1080 0445 A0010000 		.4byte	.LASF39
 1081 0449 0A       		.byte	0xa
 1082 044a 29       		.byte	0x29
 1083 044b 13       		.uleb128 0x13
 1084 044c 7C020000 		.4byte	.LASF40
 1085 0450 7C020000 		.4byte	.LASF40
 1086 0454 0A       		.byte	0xa
 1087 0455 26       		.byte	0x26
 1088 0456 13       		.uleb128 0x13
 1089 0457 05010000 		.4byte	.LASF41
 1090 045b 05010000 		.4byte	.LASF41
 1091 045f 0B       		.byte	0xb
 1092 0460 26       		.byte	0x26
 1093 0461 00       		.byte	0
 1094              		.section	.debug_abbrev,"",%progbits
 1095              	.Ldebug_abbrev0:
 1096 0000 01       		.uleb128 0x1
 1097 0001 11       		.uleb128 0x11
 1098 0002 01       		.byte	0x1
 1099 0003 25       		.uleb128 0x25
 1100 0004 0E       		.uleb128 0xe
ARM GAS  C:\Users\emili\AppData\Local\Temp\ccjLZZgI.s 			page 24


 1101 0005 13       		.uleb128 0x13
 1102 0006 0B       		.uleb128 0xb
 1103 0007 03       		.uleb128 0x3
 1104 0008 0E       		.uleb128 0xe
 1105 0009 1B       		.uleb128 0x1b
 1106 000a 0E       		.uleb128 0xe
 1107 000b 55       		.uleb128 0x55
 1108 000c 17       		.uleb128 0x17
 1109 000d 11       		.uleb128 0x11
 1110 000e 01       		.uleb128 0x1
 1111 000f 10       		.uleb128 0x10
 1112 0010 17       		.uleb128 0x17
 1113 0011 00       		.byte	0
 1114 0012 00       		.byte	0
 1115 0013 02       		.uleb128 0x2
 1116 0014 24       		.uleb128 0x24
 1117 0015 00       		.byte	0
 1118 0016 0B       		.uleb128 0xb
 1119 0017 0B       		.uleb128 0xb
 1120 0018 3E       		.uleb128 0x3e
 1121 0019 0B       		.uleb128 0xb
 1122 001a 03       		.uleb128 0x3
 1123 001b 0E       		.uleb128 0xe
 1124 001c 00       		.byte	0
 1125 001d 00       		.byte	0
 1126 001e 03       		.uleb128 0x3
 1127 001f 16       		.uleb128 0x16
 1128 0020 00       		.byte	0
 1129 0021 03       		.uleb128 0x3
 1130 0022 0E       		.uleb128 0xe
 1131 0023 3A       		.uleb128 0x3a
 1132 0024 0B       		.uleb128 0xb
 1133 0025 3B       		.uleb128 0x3b
 1134 0026 0B       		.uleb128 0xb
 1135 0027 49       		.uleb128 0x49
 1136 0028 13       		.uleb128 0x13
 1137 0029 00       		.byte	0
 1138 002a 00       		.byte	0
 1139 002b 04       		.uleb128 0x4
 1140 002c 24       		.uleb128 0x24
 1141 002d 00       		.byte	0
 1142 002e 0B       		.uleb128 0xb
 1143 002f 0B       		.uleb128 0xb
 1144 0030 3E       		.uleb128 0x3e
 1145 0031 0B       		.uleb128 0xb
 1146 0032 03       		.uleb128 0x3
 1147 0033 08       		.uleb128 0x8
 1148 0034 00       		.byte	0
 1149 0035 00       		.byte	0
 1150 0036 05       		.uleb128 0x5
 1151 0037 2E       		.uleb128 0x2e
 1152 0038 01       		.byte	0x1
 1153 0039 3F       		.uleb128 0x3f
 1154 003a 19       		.uleb128 0x19
 1155 003b 03       		.uleb128 0x3
 1156 003c 0E       		.uleb128 0xe
 1157 003d 3A       		.uleb128 0x3a
ARM GAS  C:\Users\emili\AppData\Local\Temp\ccjLZZgI.s 			page 25


 1158 003e 0B       		.uleb128 0xb
 1159 003f 3B       		.uleb128 0x3b
 1160 0040 0B       		.uleb128 0xb
 1161 0041 27       		.uleb128 0x27
 1162 0042 19       		.uleb128 0x19
 1163 0043 11       		.uleb128 0x11
 1164 0044 01       		.uleb128 0x1
 1165 0045 12       		.uleb128 0x12
 1166 0046 06       		.uleb128 0x6
 1167 0047 40       		.uleb128 0x40
 1168 0048 18       		.uleb128 0x18
 1169 0049 9742     		.uleb128 0x2117
 1170 004b 19       		.uleb128 0x19
 1171 004c 01       		.uleb128 0x1
 1172 004d 13       		.uleb128 0x13
 1173 004e 00       		.byte	0
 1174 004f 00       		.byte	0
 1175 0050 06       		.uleb128 0x6
 1176 0051 898201   		.uleb128 0x4109
 1177 0054 00       		.byte	0
 1178 0055 11       		.uleb128 0x11
 1179 0056 01       		.uleb128 0x1
 1180 0057 31       		.uleb128 0x31
 1181 0058 13       		.uleb128 0x13
 1182 0059 00       		.byte	0
 1183 005a 00       		.byte	0
 1184 005b 07       		.uleb128 0x7
 1185 005c 898201   		.uleb128 0x4109
 1186 005f 01       		.byte	0x1
 1187 0060 11       		.uleb128 0x11
 1188 0061 01       		.uleb128 0x1
 1189 0062 31       		.uleb128 0x31
 1190 0063 13       		.uleb128 0x13
 1191 0064 01       		.uleb128 0x1
 1192 0065 13       		.uleb128 0x13
 1193 0066 00       		.byte	0
 1194 0067 00       		.byte	0
 1195 0068 08       		.uleb128 0x8
 1196 0069 8A8201   		.uleb128 0x410a
 1197 006c 00       		.byte	0
 1198 006d 02       		.uleb128 0x2
 1199 006e 18       		.uleb128 0x18
 1200 006f 9142     		.uleb128 0x2111
 1201 0071 18       		.uleb128 0x18
 1202 0072 00       		.byte	0
 1203 0073 00       		.byte	0
 1204 0074 09       		.uleb128 0x9
 1205 0075 898201   		.uleb128 0x4109
 1206 0078 01       		.byte	0x1
 1207 0079 11       		.uleb128 0x11
 1208 007a 01       		.uleb128 0x1
 1209 007b 31       		.uleb128 0x31
 1210 007c 13       		.uleb128 0x13
 1211 007d 00       		.byte	0
 1212 007e 00       		.byte	0
 1213 007f 0A       		.uleb128 0xa
 1214 0080 2E       		.uleb128 0x2e
ARM GAS  C:\Users\emili\AppData\Local\Temp\ccjLZZgI.s 			page 26


 1215 0081 01       		.byte	0x1
 1216 0082 3F       		.uleb128 0x3f
 1217 0083 19       		.uleb128 0x19
 1218 0084 03       		.uleb128 0x3
 1219 0085 0E       		.uleb128 0xe
 1220 0086 3A       		.uleb128 0x3a
 1221 0087 0B       		.uleb128 0xb
 1222 0088 3B       		.uleb128 0x3b
 1223 0089 0B       		.uleb128 0xb
 1224 008a 11       		.uleb128 0x11
 1225 008b 01       		.uleb128 0x1
 1226 008c 12       		.uleb128 0x12
 1227 008d 06       		.uleb128 0x6
 1228 008e 40       		.uleb128 0x40
 1229 008f 18       		.uleb128 0x18
 1230 0090 9742     		.uleb128 0x2117
 1231 0092 19       		.uleb128 0x19
 1232 0093 01       		.uleb128 0x1
 1233 0094 13       		.uleb128 0x13
 1234 0095 00       		.byte	0
 1235 0096 00       		.byte	0
 1236 0097 0B       		.uleb128 0xb
 1237 0098 2E       		.uleb128 0x2e
 1238 0099 00       		.byte	0
 1239 009a 3F       		.uleb128 0x3f
 1240 009b 19       		.uleb128 0x19
 1241 009c 03       		.uleb128 0x3
 1242 009d 0E       		.uleb128 0xe
 1243 009e 3A       		.uleb128 0x3a
 1244 009f 0B       		.uleb128 0xb
 1245 00a0 3B       		.uleb128 0x3b
 1246 00a1 0B       		.uleb128 0xb
 1247 00a2 49       		.uleb128 0x49
 1248 00a3 13       		.uleb128 0x13
 1249 00a4 11       		.uleb128 0x11
 1250 00a5 01       		.uleb128 0x1
 1251 00a6 12       		.uleb128 0x12
 1252 00a7 06       		.uleb128 0x6
 1253 00a8 40       		.uleb128 0x40
 1254 00a9 18       		.uleb128 0x18
 1255 00aa 9742     		.uleb128 0x2117
 1256 00ac 19       		.uleb128 0x19
 1257 00ad 00       		.byte	0
 1258 00ae 00       		.byte	0
 1259 00af 0C       		.uleb128 0xc
 1260 00b0 2E       		.uleb128 0x2e
 1261 00b1 01       		.byte	0x1
 1262 00b2 3F       		.uleb128 0x3f
 1263 00b3 19       		.uleb128 0x19
 1264 00b4 03       		.uleb128 0x3
 1265 00b5 0E       		.uleb128 0xe
 1266 00b6 3A       		.uleb128 0x3a
 1267 00b7 0B       		.uleb128 0xb
 1268 00b8 3B       		.uleb128 0x3b
 1269 00b9 0B       		.uleb128 0xb
 1270 00ba 27       		.uleb128 0x27
 1271 00bb 19       		.uleb128 0x19
ARM GAS  C:\Users\emili\AppData\Local\Temp\ccjLZZgI.s 			page 27


 1272 00bc 49       		.uleb128 0x49
 1273 00bd 13       		.uleb128 0x13
 1274 00be 8701     		.uleb128 0x87
 1275 00c0 19       		.uleb128 0x19
 1276 00c1 11       		.uleb128 0x11
 1277 00c2 01       		.uleb128 0x1
 1278 00c3 12       		.uleb128 0x12
 1279 00c4 06       		.uleb128 0x6
 1280 00c5 40       		.uleb128 0x40
 1281 00c6 18       		.uleb128 0x18
 1282 00c7 9642     		.uleb128 0x2116
 1283 00c9 19       		.uleb128 0x19
 1284 00ca 01       		.uleb128 0x1
 1285 00cb 13       		.uleb128 0x13
 1286 00cc 00       		.byte	0
 1287 00cd 00       		.byte	0
 1288 00ce 0D       		.uleb128 0xd
 1289 00cf 34       		.uleb128 0x34
 1290 00d0 00       		.byte	0
 1291 00d1 03       		.uleb128 0x3
 1292 00d2 0E       		.uleb128 0xe
 1293 00d3 3A       		.uleb128 0x3a
 1294 00d4 0B       		.uleb128 0xb
 1295 00d5 3B       		.uleb128 0x3b
 1296 00d6 0B       		.uleb128 0xb
 1297 00d7 49       		.uleb128 0x49
 1298 00d8 13       		.uleb128 0x13
 1299 00d9 02       		.uleb128 0x2
 1300 00da 17       		.uleb128 0x17
 1301 00db 00       		.byte	0
 1302 00dc 00       		.byte	0
 1303 00dd 0E       		.uleb128 0xe
 1304 00de 34       		.uleb128 0x34
 1305 00df 00       		.byte	0
 1306 00e0 03       		.uleb128 0x3
 1307 00e1 0E       		.uleb128 0xe
 1308 00e2 3A       		.uleb128 0x3a
 1309 00e3 0B       		.uleb128 0xb
 1310 00e4 3B       		.uleb128 0x3b
 1311 00e5 05       		.uleb128 0x5
 1312 00e6 49       		.uleb128 0x49
 1313 00e7 13       		.uleb128 0x13
 1314 00e8 3F       		.uleb128 0x3f
 1315 00e9 19       		.uleb128 0x19
 1316 00ea 3C       		.uleb128 0x3c
 1317 00eb 19       		.uleb128 0x19
 1318 00ec 00       		.byte	0
 1319 00ed 00       		.byte	0
 1320 00ee 0F       		.uleb128 0xf
 1321 00ef 35       		.uleb128 0x35
 1322 00f0 00       		.byte	0
 1323 00f1 49       		.uleb128 0x49
 1324 00f2 13       		.uleb128 0x13
 1325 00f3 00       		.byte	0
 1326 00f4 00       		.byte	0
 1327 00f5 10       		.uleb128 0x10
 1328 00f6 34       		.uleb128 0x34
ARM GAS  C:\Users\emili\AppData\Local\Temp\ccjLZZgI.s 			page 28


 1329 00f7 00       		.byte	0
 1330 00f8 03       		.uleb128 0x3
 1331 00f9 0E       		.uleb128 0xe
 1332 00fa 3A       		.uleb128 0x3a
 1333 00fb 0B       		.uleb128 0xb
 1334 00fc 3B       		.uleb128 0x3b
 1335 00fd 0B       		.uleb128 0xb
 1336 00fe 49       		.uleb128 0x49
 1337 00ff 13       		.uleb128 0x13
 1338 0100 3F       		.uleb128 0x3f
 1339 0101 19       		.uleb128 0x19
 1340 0102 02       		.uleb128 0x2
 1341 0103 18       		.uleb128 0x18
 1342 0104 00       		.byte	0
 1343 0105 00       		.byte	0
 1344 0106 11       		.uleb128 0x11
 1345 0107 01       		.uleb128 0x1
 1346 0108 01       		.byte	0x1
 1347 0109 49       		.uleb128 0x49
 1348 010a 13       		.uleb128 0x13
 1349 010b 01       		.uleb128 0x1
 1350 010c 13       		.uleb128 0x13
 1351 010d 00       		.byte	0
 1352 010e 00       		.byte	0
 1353 010f 12       		.uleb128 0x12
 1354 0110 21       		.uleb128 0x21
 1355 0111 00       		.byte	0
 1356 0112 49       		.uleb128 0x49
 1357 0113 13       		.uleb128 0x13
 1358 0114 2F       		.uleb128 0x2f
 1359 0115 0B       		.uleb128 0xb
 1360 0116 00       		.byte	0
 1361 0117 00       		.byte	0
 1362 0118 13       		.uleb128 0x13
 1363 0119 2E       		.uleb128 0x2e
 1364 011a 00       		.byte	0
 1365 011b 3F       		.uleb128 0x3f
 1366 011c 19       		.uleb128 0x19
 1367 011d 3C       		.uleb128 0x3c
 1368 011e 19       		.uleb128 0x19
 1369 011f 6E       		.uleb128 0x6e
 1370 0120 0E       		.uleb128 0xe
 1371 0121 03       		.uleb128 0x3
 1372 0122 0E       		.uleb128 0xe
 1373 0123 3A       		.uleb128 0x3a
 1374 0124 0B       		.uleb128 0xb
 1375 0125 3B       		.uleb128 0x3b
 1376 0126 0B       		.uleb128 0xb
 1377 0127 00       		.byte	0
 1378 0128 00       		.byte	0
 1379 0129 00       		.byte	0
 1380              		.section	.debug_loc,"",%progbits
 1381              	.Ldebug_loc0:
 1382              	.LLST0:
 1383 0000 1C000000 		.4byte	.LVL26
 1384 0004 1F000000 		.4byte	.LVL27-1
 1385 0008 0100     		.2byte	0x1
ARM GAS  C:\Users\emili\AppData\Local\Temp\ccjLZZgI.s 			page 29


 1386 000a 50       		.byte	0x50
 1387 000b 1F000000 		.4byte	.LVL27-1
 1388 000f 62000000 		.4byte	.LVL37
 1389 0013 0100     		.2byte	0x1
 1390 0015 55       		.byte	0x55
 1391 0016 00000000 		.4byte	0
 1392 001a 00000000 		.4byte	0
 1393              	.LLST1:
 1394 001e 22000000 		.4byte	.LVL28
 1395 0022 28000000 		.4byte	.LVL29
 1396 0026 0100     		.2byte	0x1
 1397 0028 50       		.byte	0x50
 1398 0029 28000000 		.4byte	.LVL29
 1399 002d 62000000 		.4byte	.LVL37
 1400 0031 0100     		.2byte	0x1
 1401 0033 54       		.byte	0x54
 1402 0034 00000000 		.4byte	0
 1403 0038 00000000 		.4byte	0
 1404              		.section	.debug_aranges,"",%progbits
 1405 0000 54000000 		.4byte	0x54
 1406 0004 0200     		.2byte	0x2
 1407 0006 00000000 		.4byte	.Ldebug_info0
 1408 000a 04       		.byte	0x4
 1409 000b 00       		.byte	0
 1410 000c 0000     		.2byte	0
 1411 000e 0000     		.2byte	0
 1412 0010 00000000 		.4byte	.LFB65
 1413 0014 50000000 		.4byte	.LFE65-.LFB65
 1414 0018 00000000 		.4byte	.LFB64
 1415 001c 2C000000 		.4byte	.LFE64-.LFB64
 1416 0020 00000000 		.4byte	.LFB66
 1417 0024 BC000000 		.4byte	.LFE66-.LFB66
 1418 0028 00000000 		.4byte	.LFB67
 1419 002c 1C000000 		.4byte	.LFE67-.LFB67
 1420 0030 00000000 		.4byte	.LFB68
 1421 0034 08000000 		.4byte	.LFE68-.LFB68
 1422 0038 00000000 		.4byte	.LFB69
 1423 003c 08000000 		.4byte	.LFE69-.LFB69
 1424 0040 00000000 		.4byte	.LFB70
 1425 0044 12000000 		.4byte	.LFE70-.LFB70
 1426 0048 00000000 		.4byte	.LFB71
 1427 004c 98000000 		.4byte	.LFE71-.LFB71
 1428 0050 00000000 		.4byte	0
 1429 0054 00000000 		.4byte	0
 1430              		.section	.debug_ranges,"",%progbits
 1431              	.Ldebug_ranges0:
 1432 0000 00000000 		.4byte	.LFB65
 1433 0004 50000000 		.4byte	.LFE65
 1434 0008 00000000 		.4byte	.LFB64
 1435 000c 2C000000 		.4byte	.LFE64
 1436 0010 00000000 		.4byte	.LFB66
 1437 0014 BC000000 		.4byte	.LFE66
 1438 0018 00000000 		.4byte	.LFB67
 1439 001c 1C000000 		.4byte	.LFE67
 1440 0020 00000000 		.4byte	.LFB68
 1441 0024 08000000 		.4byte	.LFE68
 1442 0028 00000000 		.4byte	.LFB69
ARM GAS  C:\Users\emili\AppData\Local\Temp\ccjLZZgI.s 			page 30


 1443 002c 08000000 		.4byte	.LFE69
 1444 0030 00000000 		.4byte	.LFB70
 1445 0034 12000000 		.4byte	.LFE70
 1446 0038 00000000 		.4byte	.LFB71
 1447 003c 98000000 		.4byte	.LFE71
 1448 0040 00000000 		.4byte	0
 1449 0044 00000000 		.4byte	0
 1450              		.section	.debug_line,"",%progbits
 1451              	.Ldebug_line0:
 1452 0000 57020000 		.section	.debug_str,"MS",%progbits,1
 1452      02009001 
 1452      00000201 
 1452      FB0E0D00 
 1452      01010101 
 1453              	.LASF18:
 1454 0000 6D656E75 		.ascii	"menu\000"
 1454      00
 1455              	.LASF13:
 1456 0005 63686172 		.ascii	"char\000"
 1456      00
 1457              	.LASF33:
 1458 000a 4C45445F 		.ascii	"LED_Write\000"
 1458      57726974 
 1458      6500
 1459              	.LASF9:
 1460 0014 5F5F696E 		.ascii	"__int32_t\000"
 1460      7433325F 
 1460      7400
 1461              	.LASF37:
 1462 001e 55415254 		.ascii	"UART_Start\000"
 1462      5F537461 
 1462      727400
 1463              	.LASF16:
 1464 0029 4952515F 		.ascii	"IRQ_UART\000"
 1464      55415254 
 1464      00
 1465              	.LASF17:
 1466 0032 4953525F 		.ascii	"ISR_Timer1\000"
 1466      54696D65 
 1466      723100
 1467              	.LASF11:
 1468 003d 666C6F61 		.ascii	"float\000"
 1468      7400
 1469              	.LASF0:
 1470 0043 7369676E 		.ascii	"signed char\000"
 1470      65642063 
 1470      68617200 
 1471              	.LASF1:
 1472 004f 756E7369 		.ascii	"unsigned char\000"
 1472      676E6564 
 1472      20636861 
 1472      7200
 1473              	.LASF42:
 1474 005d 474E5520 		.ascii	"GNU C11 5.4.1 20160609 (release) [ARM/embedded-5-br"
 1474      43313120 
 1474      352E342E 
 1474      31203230 
ARM GAS  C:\Users\emili\AppData\Local\Temp\ccjLZZgI.s 			page 31


 1474      31363036 
 1475 0090 616E6368 		.ascii	"anch revision 237715] -mcpu=cortex-m3 -mthumb -g -O"
 1475      20726576 
 1475      6973696F 
 1475      6E203233 
 1475      37373135 
 1476 00c3 67202D66 		.ascii	"g -ffunction-sections -ffat-lto-objects\000"
 1476      66756E63 
 1476      74696F6E 
 1476      2D736563 
 1476      74696F6E 
 1477              	.LASF31:
 1478 00eb 54696D65 		.ascii	"Timer1_ReadStatusRegister\000"
 1478      72315F52 
 1478      65616453 
 1478      74617475 
 1478      73526567 
 1479              	.LASF41:
 1480 0105 42555A5A 		.ascii	"BUZZER_Write\000"
 1480      45525F57 
 1480      72697465 
 1480      00
 1481              	.LASF5:
 1482 0112 6C6F6E67 		.ascii	"long unsigned int\000"
 1482      20756E73 
 1482      69676E65 
 1482      6420696E 
 1482      7400
 1483              	.LASF3:
 1484 0124 73686F72 		.ascii	"short unsigned int\000"
 1484      7420756E 
 1484      7369676E 
 1484      65642069 
 1484      6E7400
 1485              	.LASF21:
 1486 0137 67657444 		.ascii	"getDistancia\000"
 1486      69737461 
 1486      6E636961 
 1486      00
 1487              	.LASF32:
 1488 0144 4C45445F 		.ascii	"LED_Read\000"
 1488      52656164 
 1488      00
 1489              	.LASF19:
 1490 014d 636F6E66 		.ascii	"configuracionInicial\000"
 1490      69677572 
 1490      6163696F 
 1490      6E496E69 
 1490      6369616C 
 1491              	.LASF25:
 1492 0162 49544D5F 		.ascii	"ITM_RxBuffer\000"
 1492      52784275 
 1492      66666572 
 1492      00
 1493              	.LASF12:
 1494 016f 646F7562 		.ascii	"double\000"
 1494      6C6500
ARM GAS  C:\Users\emili\AppData\Local\Temp\ccjLZZgI.s 			page 32


 1495              	.LASF20:
 1496 0176 6765744C 		.ascii	"getLuminosidad\000"
 1496      756D696E 
 1496      6F736964 
 1496      616400
 1497              	.LASF2:
 1498 0185 73686F72 		.ascii	"short int\000"
 1498      7420696E 
 1498      7400
 1499              	.LASF36:
 1500 018f 4952515F 		.ascii	"IRQ_UART_StartEx\000"
 1500      55415254 
 1500      5F537461 
 1500      72744578 
 1500      00
 1501              	.LASF39:
 1502 01a0 4D4F544F 		.ascii	"MOTOR1_Read\000"
 1502      52315F52 
 1502      65616400 
 1503              	.LASF44:
 1504 01ac 433A5C55 		.ascii	"C:\\Users\\emili\\OneDrive\\Documentos\\PSoC Creato"
 1504      73657273 
 1504      5C656D69 
 1504      6C695C4F 
 1504      6E654472 
 1505 01da 725C5052 		.ascii	"r\\PROYECTO_EMB\\Design01.cydsn\000"
 1505      4F594543 
 1505      544F5F45 
 1505      4D425C44 
 1505      65736967 
 1506              	.LASF8:
 1507 01f8 756E7369 		.ascii	"unsigned int\000"
 1507      676E6564 
 1507      20696E74 
 1507      00
 1508              	.LASF7:
 1509 0205 6C6F6E67 		.ascii	"long long unsigned int\000"
 1509      206C6F6E 
 1509      6720756E 
 1509      7369676E 
 1509      65642069 
 1510              	.LASF22:
 1511 021c 41637469 		.ascii	"Activar_Engine1\000"
 1511      7661725F 
 1511      456E6769 
 1511      6E653100 
 1512              	.LASF45:
 1513 022c 6D61696E 		.ascii	"main\000"
 1513      00
 1514              	.LASF30:
 1515 0231 55415254 		.ascii	"UART_ReadRxData\000"
 1515      5F526561 
 1515      64527844 
 1515      61746100 
 1516              	.LASF10:
 1517 0241 696E7433 		.ascii	"int32_t\000"
 1517      325F7400 
ARM GAS  C:\Users\emili\AppData\Local\Temp\ccjLZZgI.s 			page 33


 1518              	.LASF35:
 1519 0249 55415254 		.ascii	"UART_PutChar\000"
 1519      5F507574 
 1519      43686172 
 1519      00
 1520              	.LASF15:
 1521 0256 73697A65 		.ascii	"sizetype\000"
 1521      74797065 
 1521      00
 1522              	.LASF6:
 1523 025f 6C6F6E67 		.ascii	"long long int\000"
 1523      206C6F6E 
 1523      6720696E 
 1523      7400
 1524              	.LASF43:
 1525 026d 6D61696E 		.ascii	"main.c\000"
 1525      2E6300
 1526              	.LASF26:
 1527 0274 75617274 		.ascii	"uart_in\000"
 1527      5F696E00 
 1528              	.LASF40:
 1529 027c 4D4F544F 		.ascii	"MOTOR1_Write\000"
 1529      52315F57 
 1529      72697465 
 1529      00
 1530              	.LASF29:
 1531 0289 656E6162 		.ascii	"enable_led\000"
 1531      6C655F6C 
 1531      656400
 1532              	.LASF38:
 1533 0294 4D4F544F 		.ascii	"MOTOR2_Write\000"
 1533      52325F57 
 1533      72697465 
 1533      00
 1534              	.LASF24:
 1535 02a1 6C756D69 		.ascii	"luminosidad\000"
 1535      6E6F7369 
 1535      64616400 
 1536              	.LASF4:
 1537 02ad 6C6F6E67 		.ascii	"long int\000"
 1537      20696E74 
 1537      00
 1538              	.LASF23:
 1539 02b6 64697374 		.ascii	"distancia\000"
 1539      616E6369 
 1539      6100
 1540              	.LASF14:
 1541 02c0 6C6F6E67 		.ascii	"long double\000"
 1541      20646F75 
 1541      626C6500 
 1542              	.LASF28:
 1543 02cc 4D4F444F 		.ascii	"MODO\000"
 1543      00
 1544              	.LASF34:
 1545 02d1 55415254 		.ascii	"UART_PutString\000"
 1545      5F507574 
 1545      53747269 
ARM GAS  C:\Users\emili\AppData\Local\Temp\ccjLZZgI.s 			page 34


 1545      6E6700
 1546              	.LASF27:
 1547 02e0 63616465 		.ascii	"cadena_uart\000"
 1547      6E615F75 
 1547      61727400 
 1548              		.ident	"GCC: (GNU Tools for ARM Embedded Processors) 5.4.1 20160609 (release) [ARM/embedded-5-bran
